<?xml version="1.0" encoding="UTF-8"?>
<!-- Generated by org.testng.reporters.JUnitXMLReporter -->
<testsuite ignored="0" hostname="INNODS0040" failures="0" tests="5" name="Surefire test" time="89.198" errors="0" timestamp="2026-03-26T15:01:43 IST">
  <testcase classname="tests.AppLoginTest" name="validLoginTest" time="4.579"/>
  <testcase classname="tests.LogoutTest" name="logoutAndLoginAgainTest" time="12.586"/>
  <testcase classname="tests.MultipleProductTest" name="sortAndPurchaseMultipleProducts" time="21.403"/>
  <testcase classname="tests.PurchaseTest" name="endToEndPurchaseTest" time="16.3"/>
  <testcase classname="tests.RemoveProductTest" name="removeProductFromCartTest" time="10.729"/>
</testsuite> <!-- Surefire test -->
