<?xml version="1.0" encoding="UTF-8"?>
<testng-results ignored="0" total="5" passed="5" failed="0" skipped="0">
  <reporter-output>
  </reporter-output>
  <suite started-at="2026-03-26T15:00:14 IST" name="Surefire suite" finished-at="2026-03-26T15:01:43 IST" duration-ms="89198">
    <groups>
    </groups>
    <test started-at="2026-03-26T15:00:14 IST" name="Surefire test" finished-at="2026-03-26T15:01:43 IST" duration-ms="89198">
      <class name="tests.RemoveProductTest">
        <test-method is-config="true" signature="setUp()[pri:0, instance:tests.RemoveProductTest@1f1c7bf6]" started-at="2026-03-26T15:01:28 IST" name="setUp" finished-at="2026-03-26T15:01:32 IST" duration-ms="3700" status="PASS">
          <reporter-output>
          </reporter-output>
        </test-method> <!-- setUp -->
        <test-method signature="removeProductFromCartTest()[pri:0, instance:tests.RemoveProductTest@1f1c7bf6]" started-at="2026-03-26T15:01:32 IST" name="removeProductFromCartTest" finished-at="2026-03-26T15:01:43 IST" duration-ms="10729" status="PASS">
          <reporter-output>
          </reporter-output>
        </test-method> <!-- removeProductFromCartTest -->
        <test-method is-config="true" signature="tearDown()[pri:0, instance:tests.RemoveProductTest@1f1c7bf6]" started-at="2026-03-26T15:01:43 IST" name="tearDown" finished-at="2026-03-26T15:01:43 IST" duration-ms="444" status="PASS">
          <reporter-output>
          </reporter-output>
        </test-method> <!-- tearDown -->
      </class> <!-- tests.RemoveProductTest -->
      <class name="tests.AppLoginTest">
        <test-method is-config="true" signature="setUp()[pri:0, instance:tests.AppLoginTest@29ba4338]" started-at="2026-03-26T15:00:14 IST" name="setUp" finished-at="2026-03-26T15:00:18 IST" duration-ms="4422" status="PASS">
          <reporter-output>
          </reporter-output>
        </test-method> <!-- setUp -->
        <test-method signature="validLoginTest()[pri:0, instance:tests.AppLoginTest@29ba4338]" started-at="2026-03-26T15:00:18 IST" name="validLoginTest" finished-at="2026-03-26T15:00:23 IST" duration-ms="4579" status="PASS">
          <reporter-output>
          </reporter-output>
        </test-method> <!-- validLoginTest -->
        <test-method is-config="true" signature="tearDown()[pri:0, instance:tests.AppLoginTest@29ba4338]" started-at="2026-03-26T15:00:23 IST" name="tearDown" finished-at="2026-03-26T15:00:24 IST" duration-ms="609" status="PASS">
          <reporter-output>
          </reporter-output>
        </test-method> <!-- tearDown -->
      </class> <!-- tests.AppLoginTest -->
      <class name="tests.MultipleProductTest">
        <test-method is-config="true" signature="setUp()[pri:0, instance:tests.MultipleProductTest@5b0abc94]" started-at="2026-03-26T15:00:41 IST" name="setUp" finished-at="2026-03-26T15:00:46 IST" duration-ms="4885" status="PASS">
          <reporter-output>
          </reporter-output>
        </test-method> <!-- setUp -->
        <test-method signature="sortAndPurchaseMultipleProducts()[pri:0, instance:tests.MultipleProductTest@5b0abc94]" started-at="2026-03-26T15:00:46 IST" name="sortAndPurchaseMultipleProducts" finished-at="2026-03-26T15:01:07 IST" duration-ms="21403" status="PASS">
          <reporter-output>
          </reporter-output>
        </test-method> <!-- sortAndPurchaseMultipleProducts -->
        <test-method is-config="true" signature="tearDown()[pri:0, instance:tests.MultipleProductTest@5b0abc94]" started-at="2026-03-26T15:01:07 IST" name="tearDown" finished-at="2026-03-26T15:01:08 IST" duration-ms="528" status="PASS">
          <reporter-output>
          </reporter-output>
        </test-method> <!-- tearDown -->
      </class> <!-- tests.MultipleProductTest -->
      <class name="tests.PurchaseTest">
        <test-method is-config="true" signature="setUp()[pri:0, instance:tests.PurchaseTest@75c072cb]" started-at="2026-03-26T15:01:08 IST" name="setUp" finished-at="2026-03-26T15:01:11 IST" duration-ms="3801" status="PASS">
          <reporter-output>
          </reporter-output>
        </test-method> <!-- setUp -->
        <test-method signature="endToEndPurchaseTest()[pri:0, instance:tests.PurchaseTest@75c072cb]" started-at="2026-03-26T15:01:11 IST" name="endToEndPurchaseTest" finished-at="2026-03-26T15:01:28 IST" duration-ms="16300" status="PASS">
          <reporter-output>
          </reporter-output>
        </test-method> <!-- endToEndPurchaseTest -->
        <test-method is-config="true" signature="tearDown()[pri:0, instance:tests.PurchaseTest@75c072cb]" started-at="2026-03-26T15:01:28 IST" name="tearDown" finished-at="2026-03-26T15:01:28 IST" duration-ms="526" status="PASS">
          <reporter-output>
          </reporter-output>
        </test-method> <!-- tearDown -->
      </class> <!-- tests.PurchaseTest -->
      <class name="tests.LogoutTest">
        <test-method is-config="true" signature="setUp()[pri:0, instance:tests.LogoutTest@7d68ef40]" started-at="2026-03-26T15:00:24 IST" name="setUp" finished-at="2026-03-26T15:00:27 IST" duration-ms="3647" status="PASS">
          <reporter-output>
          </reporter-output>
        </test-method> <!-- setUp -->
        <test-method signature="logoutAndLoginAgainTest()[pri:0, instance:tests.LogoutTest@7d68ef40]" started-at="2026-03-26T15:00:27 IST" name="logoutAndLoginAgainTest" finished-at="2026-03-26T15:00:40 IST" duration-ms="12586" status="PASS">
          <reporter-output>
          </reporter-output>
        </test-method> <!-- logoutAndLoginAgainTest -->
        <test-method is-config="true" signature="tearDown()[pri:0, instance:tests.LogoutTest@7d68ef40]" started-at="2026-03-26T15:00:40 IST" name="tearDown" finished-at="2026-03-26T15:00:41 IST" duration-ms="981" status="PASS">
          <reporter-output>
          </reporter-output>
        </test-method> <!-- tearDown -->
      </class> <!-- tests.LogoutTest -->
    </test> <!-- Surefire test -->
  </suite> <!-- Surefire suite -->
</testng-results>
